<?xml version="1.0" encoding="UTF-8"?>
<!-- Generated by org.testng.reporters.JUnitReportReporter -->
<testsuite hostname="myHostComputer" name="com.tests.CommandsTest" tests="1" failures="0" timestamp="27 Sep 2013 22:19:39 GMT" time="0.838" errors="0">
  <testcase name="testManyCommandsExecuted" time="0.838" classname="com.tests.CommandsTest"/>
</testsuite> <!-- com.tests.CommandsTest -->
